02/08/2021 03:04:51 PM GIVE CHANGE: $0.00 $0.00
02/08/2021 03:05:40 PM FEED MONEY: $3.00 $3.00
02/08/2021 03:05:53 PM FEED MONEY: $1.00 $4.00
02/08/2021 03:06:04 PM FEED MONEY: $-1.00 $3.00
02/08/2021 03:07:02 PM Wonka Bar B3 $1.50 $1.50
02/08/2021 03:08:36 PM U-Chews D1 $0.85 $0.65
02/08/2021 03:08:51 PM Dr. Salt C2 $1.50 $-0.85
02/08/2021 03:09:32 PM Dr. Salt C2 $1.50 $-2.35
02/08/2021 03:11:12 PM FEED MONEY: $10.00 $7.65
02/08/2021 03:11:35 PM Moonpie B1 $1.80 $5.85
02/08/2021 03:11:46 PM U-Chews D1 $0.85 $5.00
02/08/2021 03:11:56 PM U-Chews D1 $0.85 $4.15
02/08/2021 03:12:00 PM U-Chews D1 $0.85 $3.30
02/08/2021 03:12:09 PM FEED MONEY: $0.00 $3.30
02/08/2021 03:12:13 PM U-Chews D1 $0.85 $2.45
02/08/2021 03:12:27 PM GIVE CHANGE: $2.45 $0.00
02/08/2021 03:13:30 PM FEED MONEY: $2.00 $2.00
02/08/2021 03:13:39 PM FEED MONEY: $1.00 $3.00
02/08/2021 03:13:42 PM GIVE CHANGE: $3.00 $0.00
02/08/2021 03:16:10 PM FEED MONEY: $5.00 $5.00
02/08/2021 03:16:14 PM Potato Crisps A1 $3.05 $1.95
02/08/2021 03:16:16 PM GIVE CHANGE: $1.95 $0.00
02/08/2021 04:34:31 PM FEED MONEY: $1.00 $1.00
02/08/2021 04:34:31 PM FEED MONEY: $1.00 $2.00
02/08/2021 04:35:08 PM FEED MONEY: $1.00 $1.00
02/08/2021 04:35:20 PM FEED MONEY: $1.00 $2.00
02/08/2021 04:37:18 PM FEED MONEY: $1.00 $1.00
02/08/2021 04:53:47 PM FEED MONEY: $1.00 $1.00
02/08/2021 04:53:51 PM FEED MONEY: $0.00 $1.00
02/08/2021 04:54:29 PM FEED MONEY: $5.00 $6.00
02/08/2021 05:27:30 PM FEED MONEY: $10.00 $10.00
02/08/2021 05:27:35 PM Potato Crisps A1 $3.05 $6.95
02/08/2021 05:31:09 PM FEED MONEY: $20.00 $20.00
02/08/2021 05:31:15 PM Potato Crisps A1 $3.05 $16.95
02/08/2021 05:35:25 PM FEED MONEY: $10.00 $10.00
02/08/2021 05:35:35 PM Potato Crisps A1 $3.05 $6.95
02/08/2021 05:35:50 PM Potato Crisps A1 $3.05 $3.90
02/08/2021 05:35:58 PM Potato Crisps A1 $3.05 $0.85
02/08/2021 05:36:27 PM FEED MONEY: $20.00 $20.85
02/08/2021 05:36:31 PM Potato Crisps A1 $3.05 $17.80
02/08/2021 05:36:38 PM Potato Crisps A1 $3.05 $14.75
02/08/2021 05:36:50 PM GIVE CHANGE: $14.75 $0.00
02/08/2021 06:37:00 PM FEED MONEY: $1.00 $1.00
02/08/2021 06:37:02 PM FEED MONEY: $0.00 $1.00
02/08/2021 06:37:53 PM GIVE CHANGE: $1.00 $0.00
02/10/2021 06:36:02 PM FEED MONEY: $50.00 $50.00
02/10/2021 06:36:06 PM Potato Crisps A1 $3.05 $46.95
02/10/2021 06:36:14 PM Potato Crisps A1 $3.05 $43.90
02/10/2021 06:36:19 PM Crunchie B4 $1.75 $42.15
02/10/2021 06:36:22 PM GIVE CHANGE: $42.15 $0.00
02/10/2021 06:37:04 PM FEED MONEY: $10.00 $10.00
02/10/2021 06:37:18 PM Potato Crisps A1 $3.05 $6.95
02/10/2021 06:37:24 PM Cloud Popcorn A4 $3.65 $3.30
02/10/2021 06:37:31 PM Moonpie B1 $1.80 $1.50
02/10/2021 06:38:04 PM GIVE CHANGE: $1.50 $0.00
02/11/2021 04:24:57 PM FEED MONEY: $10.00 $10.00
02/11/2021 04:25:02 PM Potato Crisps A1 $3.05 $6.95
02/11/2021 04:25:25 PM Moonpie B1 $1.80 $5.15
02/11/2021 04:25:30 PM Cola C1 $1.25 $3.90
02/11/2021 04:25:46 PM U-Chews D1 $0.85 $3.05
02/11/2021 04:25:51 PM GIVE CHANGE: $3.05 $0.00
02/16/2021 10:02:05 AM FEED MONEY: $10.00 $10.00
02/16/2021 10:02:08 AM Potato Crisps A1 $3.05 $6.95
02/16/2021 10:02:16 AM Cowtales B2 $1.50 $5.45
02/16/2021 10:02:23 AM GIVE CHANGE: $5.45 $0.00
02/16/2021 10:14:18 AM FEED MONEY: $10.00 $10.00
02/16/2021 10:14:23 AM Potato Crisps A1 $3.05 $6.95
02/16/2021 10:14:28 AM Potato Crisps A1 $3.05 $3.90
02/16/2021 10:14:32 AM FEED MONEY: $10.00 $13.90
02/16/2021 10:14:35 AM Moonpie B1 $1.80 $12.10
02/16/2021 10:14:41 AM Dr. Salt C2 $1.50 $10.60
02/16/2021 10:14:48 AM Triplemint D4 $0.75 $9.85
02/16/2021 10:14:53 AM Potato Crisps A1 $3.05 $6.80
02/16/2021 10:14:58 AM Potato Crisps A1 $3.05 $3.75
02/16/2021 10:15:03 AM Potato Crisps A1 $3.05 $0.70
02/16/2021 10:15:27 AM GIVE CHANGE: $0.70 $0.00
